c:\materija\ra94-2013\aadsp2\project\multitapecho_model0\debug\main.obj
c:\materija\ra94-2013\aadsp2\project\multitapecho_model0\debug\wavheader.obj
c:\materija\ra94-2013\aadsp2\project\multitapecho_model0\debug\vc100.pdb
c:\materija\ra94-2013\aadsp2\project\multitapecho_model0\debug\multitapecho_model0.ilk
c:\materija\ra94-2013\aadsp2\project\multitapecho_model0\debug\multitapecho_model0.exe
c:\materija\ra94-2013\aadsp2\project\multitapecho_model0\debug\multitapecho_model0.exe.intermediate.manifest
c:\materija\ra94-2013\aadsp2\project\multitapecho_model0\debug\multitapecho_model0.pdb
c:\materija\ra94-2013\aadsp2\project\multitapecho_model0\debug\multitapecho_model0.exe.embed.manifest
c:\materija\ra94-2013\aadsp2\project\multitapecho_model0\debug\multitapecho_model0.exe.embed.manifest.res
d:\nastava\aadsp2\2016-2017\vezbe\vezba3\postavka\multitapecho\multitapecho_model0\debug\vc120.pdb
d:\nastava\aadsp2\2016-2017\vezbe\vezba3\postavka\multitapecho\multitapecho_model0\debug\vc120.idb
j:\faks\4.godina\aadsp2\projekat\projekataadsp2\multitapecho_model0\debug\vc140.pdb
j:\faks\4.godina\aadsp2\projekat\projekataadsp2\multitapecho_model0\debug\vc140.idb
j:\faks\4.godina\aadsp2\projekat\projekataadsp2\multitapecho_model0\debug\main.obj
j:\faks\4.godina\aadsp2\projekat\projekataadsp2\multitapecho_model0\debug\wavheader.obj
j:\faks\4.godina\aadsp2\projekat\projekataadsp2\multitapecho_model0\debug\multitapecho_model0.vcxprojresolveassemblyreference.cache
j:\faks\4.godina\aadsp2\projekat\projekataadsp2\multitapecho_model0\debug\cl.command.1.tlog
j:\faks\4.godina\aadsp2\projekat\projekataadsp2\multitapecho_model0\debug\cl.read.1.tlog
j:\faks\4.godina\aadsp2\projekat\projekataadsp2\multitapecho_model0\debug\cl.write.1.tlog
j:\faks\4.godina\aadsp2\projekat\projekataadsp2\multitapecho_model0\debug\link-cvtres.read.1.tlog
j:\faks\4.godina\aadsp2\projekat\projekataadsp2\multitapecho_model0\debug\link-cvtres.write.1.tlog
j:\faks\4.godina\aadsp2\projekat\projekataadsp2\multitapecho_model0\debug\link.14164-cvtres.read.1.tlog
j:\faks\4.godina\aadsp2\projekat\projekataadsp2\multitapecho_model0\debug\link.14164-cvtres.write.1.tlog
j:\faks\4.godina\aadsp2\projekat\projekataadsp2\multitapecho_model0\debug\link.14164.read.1.tlog
j:\faks\4.godina\aadsp2\projekat\projekataadsp2\multitapecho_model0\debug\link.14164.write.1.tlog
j:\faks\4.godina\aadsp2\projekat\projekataadsp2\multitapecho_model0\debug\link.command.1.tlog
j:\faks\4.godina\aadsp2\projekat\projekataadsp2\multitapecho_model0\debug\link.read.1.tlog
j:\faks\4.godina\aadsp2\projekat\projekataadsp2\multitapecho_model0\debug\link.write.1.tlog
j:\faks\4.godina\aadsp2\projekat\projekataadsp2\multitapecho_model0\debug\mt.command.1.tlog
j:\faks\4.godina\aadsp2\projekat\projekataadsp2\multitapecho_model0\debug\mt.read.1.tlog
j:\faks\4.godina\aadsp2\projekat\projekataadsp2\multitapecho_model0\debug\mt.write.1.tlog
j:\faks\4.godina\aadsp2\projekat\projekataadsp2\multitapecho_model0\debug\multitapecho_model0.write.1.tlog
j:\faks\4.godina\aadsp2\projekat\projekataadsp2\multitapecho_model0\debug\rc.command.1.tlog
j:\faks\4.godina\aadsp2\projekat\projekataadsp2\multitapecho_model0\debug\rc.read.1.tlog
j:\faks\4.godina\aadsp2\projekat\projekataadsp2\multitapecho_model0\debug\rc.write.1.tlog
j:\faks\4.godina\aadsp2\projekat\projekataadsp2\multitapecho_model0\debug\multitapecho_model0.exe.embed.manifest
j:\faks\4.godina\aadsp2\projekat\projekataadsp2\multitapecho_model0\debug\multitapecho_model0.exe.intermediate.manifest
j:\faks\4.godina\aadsp2\projekat\projekataadsp2\multitapecho_model0\debug\multitapecho_model0.exe.embed.manifest.res
j:\faks\4.godina\aadsp2\projekat\projekataadsp2\multitapecho_model0\debug\vc100.idb
j:\faks\4.godina\aadsp2\projekat\projekataadsp2\multitapecho_model0\debug\vc120.idb
j:\faks\4.godina\aadsp2\projekat\projekataadsp2\multitapecho_model0\debug\multitapecho_model0.pdb
j:\faks\4.godina\aadsp2\projekat\projekataadsp2\multitapecho_model0\debug\vc100.pdb
j:\faks\4.godina\aadsp2\projekat\projekataadsp2\multitapecho_model0\debug\vc120.pdb
j:\faks\4.godina\aadsp2\projekat\projekataadsp2\multitapecho_model0\debug\multitapecho_model0_manifest.rc
j:\faks\4.godina\aadsp2\projekat\projekataadsp2\multitapecho_model0\debug\multitap.27d0776b.tlog\cl.command.1.tlog
j:\faks\4.godina\aadsp2\projekat\projekataadsp2\multitapecho_model0\debug\multitap.27d0776b.tlog\cl.read.1.tlog
j:\faks\4.godina\aadsp2\projekat\projekataadsp2\multitapecho_model0\debug\multitap.27d0776b.tlog\cl.write.1.tlog
j:\faks\4.godina\aadsp2\projekat\projekataadsp2\multitapecho_model0\debug\multitap.27d0776b.tlog\link-cvtres.read.1.tlog
j:\faks\4.godina\aadsp2\projekat\projekataadsp2\multitapecho_model0\debug\multitap.27d0776b.tlog\link-cvtres.write.1.tlog
j:\faks\4.godina\aadsp2\projekat\projekataadsp2\multitapecho_model0\debug\multitap.27d0776b.tlog\link-rc.read.1.tlog
j:\faks\4.godina\aadsp2\projekat\projekataadsp2\multitapecho_model0\debug\multitap.27d0776b.tlog\link-rc.write.1.tlog
j:\faks\4.godina\aadsp2\projekat\projekataadsp2\multitapecho_model0\debug\multitap.27d0776b.tlog\link.command.1.tlog
j:\faks\4.godina\aadsp2\projekat\projekataadsp2\multitapecho_model0\debug\multitap.27d0776b.tlog\link.read.1.tlog
j:\faks\4.godina\aadsp2\projekat\projekataadsp2\multitapecho_model0\debug\multitap.27d0776b.tlog\link.write.1.tlog
