============= BUILDING STARTED ============
  Project: WavTemplate
===========================================
Compiling .c files...
   [delete] Deleting: J:\FAKS\4.godina\AADSP2\projekat\projekatAADSP2\projekat_model3\SULDWavTemplate\output\standalone\src\main.s
J:/FAKS/4.godina/AADSP2/projekat/projekatAADSP2/projekat_model3/SULDWavTemplate/src/main.c
C:/CirrusDSP/bin/ccc2 J:/FAKS/4.godina/AADSP2/projekat/projekatAADSP2/projekat_model3/SULDWavTemplate/src/main.c
 -S
 -ruf
 -fcse
 -fprc
 -fcompact
 -funsafe-loop-optimizations
 -edi
 -emit-hints
 -ira
 -fconst-pool=X
 -fno0init
 -femit-asm-struct
 -cdl
 -D_TOOLS_VERSION_=0x0701
 -D_SLOT_=0
 -D_OVLY_=standalone
 -D_OVLY_REVISION_=020000
 -D_VERSION_=00
 -D_DSP_=a
 -D_COMMON_INC_PATH_=C:/CirrusDSP/crystal32/common/inc/
 -D_TARGET_FAMILY_=crystal32
 -D_MUI_VERSION_=020000
 -IC:/CirrusDSP/include/
 -IC:/CirrusDSP/include/dsplib/
 -IJ:/FAKS/4.godina/AADSP2/projekat/projekatAADSP2/projekat_model3/SULDWavTemplate/inc/
 -oJ:/FAKS/4.godina/AADSP2/projekat/projekatAADSP2/projekat_model3/SULDWavTemplate/output/standalone/src/main.s
 -D_LOCAL_SRC_PATH_=src/
 -D_LOCAL_INC_PATH_=inc/
 -D_ROUTER_INC_PATH_=rom_inc/
     [exec] "C:/CirrusDSP/include/stdio.h", line 8: warning #1108: #warning directive: Functionality of stdio.h header file is not fully supported
     [exec]   #warning Functionality of stdio.h header file is not fully supported
     [exec]    ^
     [exec] 
     [exec] "C:/CirrusDSP/include/string.h", line 8: warning #1108: #warning directive: Functionality of string.h header file is not fully supported
     [exec]   #warning Functionality of string.h header file is not fully supported
     [exec]    ^
     [exec] 
     [exec] "C:/CirrusDSP/include/string.h", line 13: warning #303: typedef name has already been declared (with same type)
     [exec]   typedef unsigned int size_t;
     [exec]                        ^
     [exec] 
     [exec] "J:/FAKS/4.godina/AADSP2/projekat/projek"J:/FAKS/4.godina/AADSP2/projekat/projekatAADSP2/projekat_model3/SULDWavTemplate/src/main.c", line 518: warning: The following ratAADSP2/projekat_model3/SULDWavTemplate/src/main.c", line 509: warning #179: variable "temp" was declared but never referenced
     [exec] egister names are detected in the asm string but are not declared in the clobber list: x0 x1 y0 
     [exec] "J:/FAKS/4.godina/AADSP2/pro
     [exec]   	DSPaccum temp;
     [exec]   	         ^
     [exec] 
     [exec] jekat/projekatAADSP2/projekat_model3/SULDWavTemplate/src/main.c", line 561: warning #4007: Pointer to unspecified memory zone.
     [exec] 
     [exec] "J:/FAKS/4.godina/AADSP2/projekat/projekatAADSP2/projekat_model3/SULDWavTemplate/src/main.c", line 563: warning #4007: Pointer to unspecified memory zone.
     [exec] 
     [exec] "J:/FAKS/4.godina/AADSP2/projekat/projekatAADSP2/projekat_model3/SULDWavTemplate/src/main.c", line 564: warning #4007: Pointer to unspecified memory zone.
     [exec] 
     [exec] "J:/FAKS/4.godina/AADSP2/projekat/projekatAADSP2/projekat_model3/SULDWavTemplate/src/main.c", line 412: info: SRS is used at this line.
     [exec] 
     [exec] "J:/FAKS/4.godina/AADSP2/projekat/projekatAADSP2/projekat_model3/SULDWavTemplate/src/main.c", line 580: info: SRS is used at this line.
     [exec] 
     [exec] "J:/FAKS/4.godina/AADSP2/projekat/projekatAADSP2/projekat_model3/SULDWavTemplate/src/main.c", line 620: info: Call to runtime function __div. Look at the separate document for information how to avoid this call.
     [exec] 
     [exec] "J:/FAKS/4.godina/AADSP2/projekat/projekatAADSP2/projekat_model3/SULDWavTemplate/src/main.c", line 630: info: SRS is used at this line.
     [exec] 
     [exec] "J:/FAKS/4.godina/AADSP2/projekat/projekatAADSP2/projekat_model3/SULDWavTemplate/src/main.c", line 640: info: SRS is used at this line.
     [exec] 
     [exec] FRONT END TIME: 3 seconds
     [exec] BACK  END TIME: 0 seconds
     [exec] 
Assembling .a and .s files...
J:/FAKS/4.godina/AADSP2/projekat/projekatAADSP2/projekat_model3/SULDWavTemplate/output/standalone/src/main.s
C:/CirrusDSP/bin/casm J:/FAKS/4.godina/AADSP2/projekat/projekatAADSP2/projekat_model3/SULDWavTemplate/output/standalone/src/main.s
 --debug
 -c
 -s
 -e
 -D_TOOLS_VERSION_=0x0701
 -D_SLOT_=0
 -D_OVLY_=standalone
 -D_OVLY_REVISION_=020000
 -D_VERSION_=00
 -D_DSP_=a
 -D_COMMON_INC_PATH_=C:/CirrusDSP/crystal32/common/inc/
 -D_TARGET_FAMILY_=crystal32
 -D_MUI_VERSION_=020000
 -IC:/CirrusDSP/include/
 -IC:/CirrusDSP/include/dsplib/
 -IJ:/FAKS/4.godina/AADSP2/projekat/projekatAADSP2/projekat_model3/SULDWavTemplate/inc/
 -lJ:/FAKS/4.godina/AADSP2/projekat/projekatAADSP2/projekat_model3/SULDWavTemplate/output/standalone/src/main.lst
 -oJ:/FAKS/4.godina/AADSP2/projekat/projekatAADSP2/projekat_model3/SULDWavTemplate/output/standalone/src/main.O
 -iC:/CirrusDSP/crystal32/common/inc/base.h
 -D_LOCAL_SRC_PATH_=src/
 -D_LOCAL_INC_PATH_=inc/
 -D_ROUTER_INC_PATH_=rom_inc/
     [exec] Error #142: J:/FAKS/4.godina/AADSP2/projekat/projekatAADSP2/projekat_model3/SULDWavTemplate/output/standalone/src/main.s [2381]: Instructions cannot fit into one word
     [exec] Error #142: J:/FAKS/4.godina/AADSP2/projekat/projekatAADSP2/projekat_model3/SULDWavTemplate/output/standalone/src/main.s [2384]: Instructions cannot fit into one word
     [exec]     2 errors.
     [exec] Errors encountered, no object file emitted

BUILD FAILED
J:\FAKS\4.godina\AADSP2\projekat\projekatAADSP2\projekat_model3\SULDWavTemplate\output\standalone\standalone.build.xml:52: exec returned: 2

Total time: 3 seconds
