d:\nastava\aadsp2\2016-2017\vezbe\vezba3\postavka\multitapecho\multitapecho_model0\release\wavheader.obj
d:\nastava\aadsp2\2016-2017\vezbe\vezba3\postavka\multitapecho\multitapecho_model0\release\main.obj
d:\nastava\aadsp2\2016-2017\vezbe\vezba3\postavka\multitapecho\multitapecho_model0\release\vc100.pdb
d:\nastava\aadsp2\2016-2017\vezbe\vezba3\postavka\multitapecho\release\multitapecho_model0.exe
d:\nastava\aadsp2\2016-2017\vezbe\vezba3\postavka\multitapecho\multitapecho_model0\release\multitapecho_model0.exe.intermediate.manifest
d:\nastava\aadsp2\2016-2017\vezbe\vezba3\postavka\multitapecho\release\multitapecho_model0.pdb
c:\materija\ra94-2013\aadsp2\projekataadsp2\projekat_model1\release\vc140.pdb
c:\materija\ra94-2013\aadsp2\projekataadsp2\projekat_model1\release\main.obj
c:\materija\ra94-2013\aadsp2\projekataadsp2\projekat_model1\release\wavheader.obj
c:\materija\ra94-2013\aadsp2\projekataadsp2\projekat_model1\release\projekat_model1.exe
c:\materija\ra94-2013\aadsp2\projekataadsp2\projekat_model1\release\projekat_model1.ipdb
c:\materija\ra94-2013\aadsp2\projekataadsp2\projekat_model1\release\projekat_model1.iobj
c:\materija\ra94-2013\aadsp2\projekataadsp2\projekat_model1\release\projekat_model1.pdb
c:\materija\ra94-2013\aadsp2\projekataadsp2\projekat_model1\release\cl.command.1.tlog
c:\materija\ra94-2013\aadsp2\projekataadsp2\projekat_model1\release\cl.read.1.tlog
c:\materija\ra94-2013\aadsp2\projekataadsp2\projekat_model1\release\cl.write.1.tlog
c:\materija\ra94-2013\aadsp2\projekataadsp2\projekat_model1\release\link.command.1.tlog
c:\materija\ra94-2013\aadsp2\projekataadsp2\projekat_model1\release\link.read.1.tlog
c:\materija\ra94-2013\aadsp2\projekataadsp2\projekat_model1\release\link.write.1.tlog
c:\materija\ra94-2013\aadsp2\projekataadsp2\projekat_model1\release\mt.command.1.tlog
c:\materija\ra94-2013\aadsp2\projekataadsp2\projekat_model1\release\mt.read.1.tlog
c:\materija\ra94-2013\aadsp2\projekataadsp2\projekat_model1\release\mt.write.1.tlog
c:\materija\ra94-2013\aadsp2\projekataadsp2\projekat_model1\release\multitapecho_model0.exe.intermediate.manifest
c:\materija\ra94-2013\aadsp2\projekataadsp2\projekat_model1\release\vc100.pdb
c:\materija\ra94-2013\aadsp2\projekataadsp2\projekat_model1\release\vc120.pdb
c:\materija\ra94-2013\aadsp2\projekataadsp2\projekat_model1\release\projekat_model1.tlog\cl.command.1.tlog
c:\materija\ra94-2013\aadsp2\projekataadsp2\projekat_model1\release\projekat_model1.tlog\cl.read.1.tlog
c:\materija\ra94-2013\aadsp2\projekataadsp2\projekat_model1\release\projekat_model1.tlog\cl.write.1.tlog
c:\materija\ra94-2013\aadsp2\projekataadsp2\projekat_model1\release\projekat_model1.tlog\link.command.1.tlog
c:\materija\ra94-2013\aadsp2\projekataadsp2\projekat_model1\release\projekat_model1.tlog\link.read.1.tlog
c:\materija\ra94-2013\aadsp2\projekataadsp2\projekat_model1\release\projekat_model1.tlog\link.write.1.tlog
